# JRE version: Java(TM) SE Runtime Environment (12.0.1+12) (build 12.0.1+12)
# Java VM: Java HotSpot(TM) 64-Bit Server VM (12.0.1+12, mixed mode, sharing, tiered, compressed oops, g1 gc, windows-amd64)
Heap:
 garbage-first heap   total 116736K, used 57581K [0x00000000a0000000, 0x0000000100000000)
  region size 1024K, 8 young (8192K), 4 survivors (4096K)
 Metaspace       used 47483K, capacity 48728K, committed 48932K, reserved 1091584K
  class space    used 6211K, capacity 6538K, committed 6656K, reserved 1048576K
GC Heap History (10 events):
Event: 12.855 GC heap before
{Heap before GC invocations=9 (full 0):
 garbage-first heap   total 116736K, used 70270K [0x00000000a0000000, 0x0000000100000000)
  region size 1024K, 38 young (38912K), 3 survivors (3072K)
 Metaspace       used 30440K, capacity 31133K, committed 31432K, reserved 1077248K
  class space    used 4146K, capacity 4377K, committed 4480K, reserved 1048576K
}
Event: 12.864 GC heap after
{Heap after GC invocations=10 (full 0):
 garbage-first heap   total 116736K, used 36263K [0x00000000a0000000, 0x0000000100000000)
  region size 1024K, 4 young (4096K), 4 survivors (4096K)
 Metaspace       used 30440K, capacity 31133K, committed 31432K, reserved 1077248K
  class space    used 4146K, capacity 4377K, committed 4480K, reserved 1048576K
}
Event: 16.990 GC heap before
{Heap before GC invocations=10 (full 0):
 garbage-first heap   total 116736K, used 73127K [0x00000000a0000000, 0x0000000100000000)
  region size 1024K, 41 young (41984K), 4 survivors (4096K)
 Metaspace       used 34286K, capacity 35155K, committed 35400K, reserved 1079296K
  class space    used 4487K, capacity 4748K, committed 4864K, reserved 1048576K
}
Event: 17.008 GC heap after
{Heap after GC invocations=11 (full 0):
 garbage-first heap   total 116736K, used 39662K [0x00000000a0000000, 0x0000000100000000)
  region size 1024K, 6 young (6144K), 6 survivors (6144K)
 Metaspace       used 34286K, capacity 35155K, committed 35400K, reserved 1079296K
  class space    used 4487K, capacity 4748K, committed 4864K, reserved 1048576K
}
Event: 17.788 GC heap before
{Heap before GC invocations=11 (full 0):
 garbage-first heap   total 116736K, used 77550K [0x00000000a0000000, 0x0000000100000000)
  region size 1024K, 43 young (44032K), 6 survivors (6144K)
 Metaspace       used 36750K, capacity 37729K, committed 37832K, reserved 1081344K
  class space    used 4898K, capacity 5154K, committed 5248K, reserved 1048576K
}
Event: 17.802 GC heap after
{Heap after GC invocations=12 (full 0):
 garbage-first heap   total 116736K, used 42717K [0x00000000a0000000, 0x0000000100000000)
  region size 1024K, 3 young (3072K), 3 survivors (3072K)
 Metaspace       used 36750K, capacity 37729K, committed 37832K, reserved 1081344K
  class space    used 4898K, capacity 5154K, committed 5248K, reserved 1048576K
}
Event: 19.330 GC heap before
{Heap before GC invocations=12 (full 0):
 garbage-first heap   total 116736K, used 81629K [0x00000000a0000000, 0x0000000100000000)
  region size 1024K, 40 young (40960K), 3 survivors (3072K)
 Metaspace       used 39484K, capacity 40680K, committed 40776K, reserved 1085440K
  class space    used 5250K, capacity 5581K, committed 5632K, reserved 1048576K
}
Event: 19.346 GC heap after
{Heap after GC invocations=13 (full 0):
 garbage-first heap   total 116736K, used 50486K [0x00000000a0000000, 0x0000000100000000)
  region size 1024K, 5 young (5120K), 5 survivors (5120K)
 Metaspace       used 39484K, capacity 40680K, committed 40776K, reserved 1085440K
  class space    used 5250K, capacity 5581K, committed 5632K, reserved 1048576K
}
Event: 22.005 GC heap before
{Heap before GC invocations=13 (full 0):
 garbage-first heap   total 116736K, used 73014K [0x00000000a0000000, 0x0000000100000000)
  region size 1024K, 28 young (28672K), 5 survivors (5120K)
 Metaspace       used 44041K, capacity 45244K, committed 45348K, reserved 1089536K
  class space    used 5758K, capacity 6100K, committed 6144K, reserved 1048576K
}
Event: 22.016 GC heap after
{Heap after GC invocations=14 (full 0):
 garbage-first heap   total 116736K, used 51962K [0x00000000a0000000, 0x0000000100000000)
  region size 1024K, 2 young (2048K), 2 survivors (2048K)
 Metaspace       used 44041K, capacity 45244K, committed 45348K, reserved 1089536K
  class space    used 5758K, capacity 6100K, committed 6144K, reserved 1048576K
}

